[0m[[0m[0mdebug[0m] [0m[0m> Exec(;Test/compile; collectAnalyses, None, Some(CommandSource(network-1)))[0m
[0m[[0m[0mdebug[0m] [0m[0munmatched Processing event for requestId None: None[0m
[0m[[0m[0mdebug[0m] [0m[0munmatched Done event for requestId None: None[0m
[0m[[0m[0mdebug[0m] [0m[0m> Exec(Test/compile, None, Some(CommandSource(network-1)))[0m
[0m[[0m[0mdebug[0m] [0m[0munmatched Processing event for requestId None: None[0m
[0m[[0m[0mdebug[0m] [0m[0mEvaluating tasks: Test / compile[0m
[0m[[0m[0mdebug[0m] [0m[0mRunning task... Cancel: Signal, check cycles: false, forcegc: true[0m
[0m[[0m[0mdebug[0m] [0m[0mjsonRpcNotify: JsonRpcNotificationMessage(2.0, build/taskStart, {"taskId":{"id":"21","parents":[]},"eventTime":1625623772942,"message":"Compiling anagramsgroup","dataKind":"compile-task","data":{"target":{"uri":"file:/C:/Users/amcab/Documents/Trimestre%207/Tendencias/AnagramsGroup/#anagramsgroup/Compile"}}})[0m
[0m[[0m[0mdebug[0m] [0m[0mjsonRpcNotify: JsonRpcNotificationMessage(2.0, build/publishDiagnostics, {"textDocument":{"uri":"file:///C:/Users/amcab/Documents/Trimestre%207/Tendencias/AnagramsGroup/src/main/scala/Anagrams.scala"},"buildTarget":{"uri":"file:/C:/Users/amcab/Documents/Trimestre%207/Tendencias/AnagramsGroup/#anagramsgroup/Compile"},"diagnostics":[],"reset":true})[0m
[0m[[0m[0mdebug[0m] [0m[0mjsonRpcNotify: JsonRpcNotificationMessage(2.0, build/taskFinish, {"taskId":{"id":"21","parents":[]},"eventTime":1625623772953,"message":"Compiled anagramsgroup","status":1,"dataKind":"compile-report","data":{"target":{"uri":"file:/C:/Users/amcab/Documents/Trimestre%207/Tendencias/AnagramsGroup/#anagramsgroup/Compile"},"errors":0,"warnings":0,"time":11}})[0m
[0m[[0m[0mdebug[0m] [0m[0mjsonRpcNotify: JsonRpcNotificationMessage(2.0, build/taskStart, {"taskId":{"id":"22","parents":[]},"eventTime":1625623772960,"message":"Compiling anagramsgroup-test","dataKind":"compile-task","data":{"target":{"uri":"file:/C:/Users/amcab/Documents/Trimestre%207/Tendencias/AnagramsGroup/#anagramsgroup/Test"}}})[0m
[0m[[0m[0minfo[0m] [0m[0mcompiling 1 Scala source to C:\Users\amcab\Documents\Trimestre 7\Tendencias\AnagramsGroup\target\scala-2.13\test-classes ...[0m
[0m[[0m[0mdebug[0m] [0m[0mjsonRpcNotify: JsonRpcNotificationMessage(2.0, build/logMessage, {"type":3,"message":"compiling 1 Scala source to C:\\Users\\amcab\\Documents\\Trimestre 7\\Tendencias\\AnagramsGroup\\target\\scala-2.13\\test-classes ..."})[0m
[0m[[0m[0mdebug[0m] [0m[0mjsonRpcNotify: JsonRpcNotificationMessage(2.0, build/publishDiagnostics, {"textDocument":{"uri":"file:///C:/Users/amcab/Documents/Trimestre%207/Tendencias/AnagramsGroup/src/test/scala/AnagramsTest.scala"},"buildTarget":{"uri":"file:/C:/Users/amcab/Documents/Trimestre%207/Tendencias/AnagramsGroup/#anagramsgroup/Test"},"diagnostics":[{"range":{"start":{"line":36,"character":4},"end":{"line":36,"character":20}},"severity":1,"source":"sbt","message":"value MapFill is not a member of scala.collection.immutable.Map[String,scala.collection.mutable.ListBuffer[String]]"}],"reset":false})[0m
[0m[[0m[31merror[0m] [0m[0mC:\Users\amcab\Documents\Trimestre 7\Tendencias\AnagramsGroup\src\test\scala\AnagramsTest.scala:37:14: value MapFill is not a member of scala.collection.immutable.Map[String,scala.collection.mutable.ListBuffer[String]][0m
[0m[[0m[31merror[0m] [0m[0m    Anagrams.MapFill("romo",expected)[0m
[0m[[0m[31merror[0m] [0m[0m             ^[0m
[0m[[0m[0mdebug[0m] [0m[0mjsonRpcNotify: JsonRpcNotificationMessage(2.0, build/logMessage, {"type":1,"message":"C:\\Users\\amcab\\Documents\\Trimestre 7\\Tendencias\\AnagramsGroup\\src\\test\\scala\\AnagramsTest.scala:37:14: value MapFill is not a member of scala.collection.immutable.Map[String,scala.collection.mutable.ListBuffer[String]]"})[0m
[0m[[0m[0mdebug[0m] [0m[0mjsonRpcNotify: JsonRpcNotificationMessage(2.0, build/logMessage, {"type":1,"message":"    Anagrams.MapFill(\"romo\",expected)"})[0m
[0m[[0m[0mdebug[0m] [0m[0mjsonRpcNotify: JsonRpcNotificationMessage(2.0, build/logMessage, {"type":1,"message":"             ^"})[0m
[0m[[0m[0mdebug[0m] [0m[0mjsonRpcNotify: JsonRpcNotificationMessage(2.0, build/publishDiagnostics, {"textDocument":{"uri":"file:///C:/Users/amcab/Documents/Trimestre%207/Tendencias/AnagramsGroup/src/test/scala/AnagramsTest.scala"},"buildTarget":{"uri":"file:/C:/Users/amcab/Documents/Trimestre%207/Tendencias/AnagramsGroup/#anagramsgroup/Test"},"diagnostics":[{"range":{"start":{"line":37,"character":4},"end":{"line":37,"character":20}},"severity":1,"source":"sbt","message":"value MapFill is not a member of scala.collection.immutable.Map[String,scala.collection.mutable.ListBuffer[String]]"}],"reset":false})[0m
[0m[[0m[31merror[0m] [0m[0mC:\Users\amcab\Documents\Trimestre 7\Tendencias\AnagramsGroup\src\test\scala\AnagramsTest.scala:38:14: value MapFill is not a member of scala.collection.immutable.Map[String,scala.collection.mutable.ListBuffer[String]][0m
[0m[[0m[31merror[0m] [0m[0m    Anagrams.MapFill("moro",expected)[0m
[0m[[0m[31merror[0m] [0m[0m             ^[0m
[0m[[0m[0mdebug[0m] [0m[0mjsonRpcNotify: JsonRpcNotificationMessage(2.0, build/logMessage, {"type":1,"message":"C:\\Users\\amcab\\Documents\\Trimestre 7\\Tendencias\\AnagramsGroup\\src\\test\\scala\\AnagramsTest.scala:38:14: value MapFill is not a member of scala.collection.immutable.Map[String,scala.collection.mutable.ListBuffer[String]]"})[0m
[0m[[0m[0mdebug[0m] [0m[0mjsonRpcNotify: JsonRpcNotificationMessage(2.0, build/logMessage, {"type":1,"message":"    Anagrams.MapFill(\"moro\",expected)"})[0m
[0m[[0m[0mdebug[0m] [0m[0mjsonRpcNotify: JsonRpcNotificationMessage(2.0, build/logMessage, {"type":1,"message":"             ^"})[0m
[0m[[0m[0mdebug[0m] [0m[0mjsonRpcNotify: JsonRpcNotificationMessage(2.0, build/publishDiagnostics, {"textDocument":{"uri":"file:///C:/Users/amcab/Documents/Trimestre%207/Tendencias/AnagramsGroup/src/test/scala/AnagramsTest.scala"},"buildTarget":{"uri":"file:/C:/Users/amcab/Documents/Trimestre%207/Tendencias/AnagramsGroup/#anagramsgroup/Test"},"diagnostics":[{"range":{"start":{"line":38,"character":4},"end":{"line":38,"character":20}},"severity":1,"source":"sbt","message":"value MapFill is not a member of scala.collection.immutable.Map[String,scala.collection.mutable.ListBuffer[String]]"}],"reset":false})[0m
[0m[[0m[31merror[0m] [0m[0mC:\Users\amcab\Documents\Trimestre 7\Tendencias\AnagramsGroup\src\test\scala\AnagramsTest.scala:39:14: value MapFill is not a member of scala.collection.immutable.Map[String,scala.collection.mutable.ListBuffer[String]][0m
[0m[[0m[31merror[0m] [0m[0m    Anagrams.MapFill("hola",expected)[0m
[0m[[0m[31merror[0m] [0m[0m             ^[0m
[0m[[0m[0mdebug[0m] [0m[0mjsonRpcNotify: JsonRpcNotificationMessage(2.0, build/logMessage, {"type":1,"message":"C:\\Users\\amcab\\Documents\\Trimestre 7\\Tendencias\\AnagramsGroup\\src\\test\\scala\\AnagramsTest.scala:39:14: value MapFill is not a member of scala.collection.immutable.Map[String,scala.collection.mutable.ListBuffer[String]]"})[0m
[0m[[0m[0mdebug[0m] [0m[0mjsonRpcNotify: JsonRpcNotificationMessage(2.0, build/logMessage, {"type":1,"message":"    Anagrams.MapFill(\"hola\",expected)"})[0m
[0m[[0m[0mdebug[0m] [0m[0mjsonRpcNotify: JsonRpcNotificationMessage(2.0, build/logMessage, {"type":1,"message":"             ^"})[0m
[0m[[0m[0mdebug[0m] [0m[0mjsonRpcNotify: JsonRpcNotificationMessage(2.0, build/publishDiagnostics, {"textDocument":{"uri":"file:///C:/Users/amcab/Documents/Trimestre%207/Tendencias/AnagramsGroup/src/test/scala/AnagramsTest.scala"},"buildTarget":{"uri":"file:/C:/Users/amcab/Documents/Trimestre%207/Tendencias/AnagramsGroup/#anagramsgroup/Test"},"diagnostics":[{"range":{"start":{"line":39,"character":4},"end":{"line":39,"character":20}},"severity":1,"source":"sbt","message":"value MapFill is not a member of scala.collection.immutable.Map[String,scala.collection.mutable.ListBuffer[String]]"}],"reset":false})[0m
[0m[[0m[31merror[0m] [0m[0mC:\Users\amcab\Documents\Trimestre 7\Tendencias\AnagramsGroup\src\test\scala\AnagramsTest.scala:40:14: value MapFill is not a member of scala.collection.immutable.Map[String,scala.collection.mutable.ListBuffer[String]][0m
[0m[[0m[31merror[0m] [0m[0m    Anagrams.MapFill("olah",expected)[0m
[0m[[0m[31merror[0m] [0m[0m             ^[0m
[0m[[0m[0mdebug[0m] [0m[0mjsonRpcNotify: JsonRpcNotificationMessage(2.0, build/logMessage, {"type":1,"message":"C:\\Users\\amcab\\Documents\\Trimestre 7\\Tendencias\\AnagramsGroup\\src\\test\\scala\\AnagramsTest.scala:40:14: value MapFill is not a member of scala.collection.immutable.Map[String,scala.collection.mutable.ListBuffer[String]]"})[0m
[0m[[0m[0mdebug[0m] [0m[0mjsonRpcNotify: JsonRpcNotificationMessage(2.0, build/logMessage, {"type":1,"message":"    Anagrams.MapFill(\"olah\",expected)"})[0m
[0m[[0m[0mdebug[0m] [0m[0mjsonRpcNotify: JsonRpcNotificationMessage(2.0, build/logMessage, {"type":1,"message":"             ^"})[0m
[0m[[0m[0mdebug[0m] [0m[0mjsonRpcNotify: JsonRpcNotificationMessage(2.0, build/publishDiagnostics, {"textDocument":{"uri":"file:///C:/Users/amcab/Documents/Trimestre%207/Tendencias/AnagramsGroup/src/test/scala/AnagramsTest.scala"},"buildTarget":{"uri":"file:/C:/Users/amcab/Documents/Trimestre%207/Tendencias/AnagramsGroup/#anagramsgroup/Test"},"diagnostics":[{"range":{"start":{"line":40,"character":4},"end":{"line":40,"character":20}},"severity":1,"source":"sbt","message":"value MapFill is not a member of scala.collection.immutable.Map[String,scala.collection.mutable.ListBuffer[String]]"}],"reset":false})[0m
[0m[[0m[31merror[0m] [0m[0mC:\Users\amcab\Documents\Trimestre 7\Tendencias\AnagramsGroup\src\test\scala\AnagramsTest.scala:41:14: value MapFill is not a member of scala.collection.immutable.Map[String,scala.collection.mutable.ListBuffer[String]][0m
[0m[[0m[31merror[0m] [0m[0m    Anagrams.MapFill("moro",expected)[0m
[0m[[0m[31merror[0m] [0m[0m             ^[0m
[0m[[0m[0mdebug[0m] [0m[0mjsonRpcNotify: JsonRpcNotificationMessage(2.0, build/logMessage, {"type":1,"message":"C:\\Users\\amcab\\Documents\\Trimestre 7\\Tendencias\\AnagramsGroup\\src\\test\\scala\\AnagramsTest.scala:41:14: value MapFill is not a member of scala.collection.immutable.Map[String,scala.collection.mutable.ListBuffer[String]]"})[0m
[0m[[0m[0mdebug[0m] [0m[0mjsonRpcNotify: JsonRpcNotificationMessage(2.0, build/logMessage, {"type":1,"message":"    Anagrams.MapFill(\"moro\",expected)"})[0m
[0m[[0m[0mdebug[0m] [0m[0mjsonRpcNotify: JsonRpcNotificationMessage(2.0, build/logMessage, {"type":1,"message":"             ^"})[0m
[0m[[0m[31merror[0m] [0m[0m5 errors found[0m
[0m[[0m[0mdebug[0m] [0m[0mjsonRpcNotify: JsonRpcNotificationMessage(2.0, build/logMessage, {"type":1,"message":"5 errors found"})[0m
[0m[[0m[0mdebug[0m] [0m[0mjsonRpcNotify: JsonRpcNotificationMessage(2.0, build/publishDiagnostics, {"textDocument":{"uri":"file:///C:/Users/amcab/Documents/Trimestre%207/Tendencias/AnagramsGroup/src/test/scala/AnagramsTest.scala"},"buildTarget":{"uri":"file:/C:/Users/amcab/Documents/Trimestre%207/Tendencias/AnagramsGroup/#anagramsgroup/Test"},"diagnostics":[{"range":{"start":{"line":36,"character":4},"end":{"line":36,"character":20}},"severity":1,"source":"sbt","message":"value MapFill is not a member of scala.collection.immutable.Map[String,scala.collection.mutable.ListBuffer[String]]"},{"range":{"start":{"line":37,"character":4},"end":{"line":37,"character":20}},"severity":1,"source":"sbt","message":"value MapFill is not a member of scala.collection.immutable.Map[String,scala.collection.mutable.ListBuffer[String]]"},{"range":{"start":{"line":38,"character":4},"end":{"line":38,"character":20}},"severity":1,"source":"sbt","message":"value MapFill is not a member of scala.collection.immutable.Map[String,scala.collection.mutable.ListBuffer[String]]"},{"range":{"start":{"line":39,"character":4},"end":{"line":39,"character":20}},"severity":1,"source":"sbt","message":"value MapFill is not a member of scala.collection.immutable.Map[String,scala.collection.mutable.ListBuffer[String]]"},{"range":{"start":{"line":40,"character":4},"end":{"line":40,"character":20}},"severity":1,"source":"sbt","message":"value MapFill is not a member of scala.collection.immutable.Map[String,scala.collection.mutable.ListBuffer[String]]"}],"reset":true})[0m
[0m[[0m[0mdebug[0m] [0m[0mjsonRpcNotify: JsonRpcNotificationMessage(2.0, build/taskFinish, {"taskId":{"id":"22","parents":[]},"eventTime":1625623773299,"message":"Compiled anagramsgroup-test","status":2,"dataKind":"compile-report","data":{"target":{"uri":"file:/C:/Users/amcab/Documents/Trimestre%207/Tendencias/AnagramsGroup/#anagramsgroup/Test"},"errors":5,"warnings":0,"time":339}})[0m
[0m[[0m[31merror[0m] [0m[0m(Test / [31mcompileIncremental[0m) Compilation failed[0m
[0m[[0m[0mdebug[0m] [0m[0mjsonRpcNotify: JsonRpcNotificationMessage(2.0, build/logMessage, {"type":1,"message":"(Test / \u001b[31mcompileIncremental\u001b[0m) Compilation failed"})[0m
[0m[[0m[31merror[0m] [0m[0mTotal time: 0 s, completed 6-Jul-2021 10:09:33 PM[0m
[0m[[0m[0mdebug[0m] [0m[0munmatched Done event for requestId None: None[0m
[0m[[0m[0mdebug[0m] [0m[0m> Exec(shell, None, None)[0m
