[0m[[0m[0mdebug[0m] [0m[0m> Exec(;Test/compile; collectAnalyses, None, Some(CommandSource(network-1)))[0m
[0m[[0m[0mdebug[0m] [0m[0munmatched Processing event for requestId None: None[0m
[0m[[0m[0mdebug[0m] [0m[0munmatched Done event for requestId None: None[0m
[0m[[0m[0mdebug[0m] [0m[0m> Exec(Test/compile, None, Some(CommandSource(network-1)))[0m
[0m[[0m[0mdebug[0m] [0m[0munmatched Processing event for requestId None: None[0m
[0m[[0m[0mdebug[0m] [0m[0mEvaluating tasks: Test / compile[0m
[0m[[0m[0mdebug[0m] [0m[0mRunning task... Cancel: Signal, check cycles: false, forcegc: true[0m
[0m[[0m[0mdebug[0m] [0m[0mjsonRpcNotify: JsonRpcNotificationMessage(2.0, build/taskStart, {"taskId":{"id":"19","parents":[]},"eventTime":1625623372436,"message":"Compiling anagramsgroup","dataKind":"compile-task","data":{"target":{"uri":"file:/C:/Users/amcab/Documents/Trimestre%207/Tendencias/AnagramsGroup/#anagramsgroup/Compile"}}})[0m
[0m[[0m[0minfo[0m] [0m[0mcompiling 1 Scala source to C:\Users\amcab\Documents\Trimestre 7\Tendencias\AnagramsGroup\target\scala-2.13\classes ...[0m
[0m[[0m[0mdebug[0m] [0m[0mjsonRpcNotify: JsonRpcNotificationMessage(2.0, build/logMessage, {"type":3,"message":"compiling 1 Scala source to C:\\Users\\amcab\\Documents\\Trimestre 7\\Tendencias\\AnagramsGroup\\target\\scala-2.13\\classes ..."})[0m
[0m[[0m[33mwarn[0m] [0m[0m1 deprecation (since 2.13.3); re-run with -deprecation for details[0m
[0m[[0m[0mdebug[0m] [0m[0mjsonRpcNotify: JsonRpcNotificationMessage(2.0, build/logMessage, {"type":2,"message":"1 deprecation (since 2.13.3); re-run with -deprecation for details"})[0m
[0m[[0m[33mwarn[0m] [0m[0mone warning found[0m
[0m[[0m[0mdebug[0m] [0m[0mjsonRpcNotify: JsonRpcNotificationMessage(2.0, build/logMessage, {"type":2,"message":"one warning found"})[0m
[0m[[0m[0mdebug[0m] [0m[0mjsonRpcNotify: JsonRpcNotificationMessage(2.0, build/publishDiagnostics, {"textDocument":{"uri":"file:///C:/Users/amcab/Documents/Trimestre%207/Tendencias/AnagramsGroup/src/main/scala/Anagrams.scala"},"buildTarget":{"uri":"file:/C:/Users/amcab/Documents/Trimestre%207/Tendencias/AnagramsGroup/#anagramsgroup/Compile"},"diagnostics":[],"reset":true})[0m
[0m[[0m[0mdebug[0m] [0m[0mjsonRpcNotify: JsonRpcNotificationMessage(2.0, build/taskFinish, {"taskId":{"id":"19","parents":[]},"eventTime":1625623373024,"message":"Compiled anagramsgroup","status":1,"dataKind":"compile-report","data":{"target":{"uri":"file:/C:/Users/amcab/Documents/Trimestre%207/Tendencias/AnagramsGroup/#anagramsgroup/Compile"},"errors":0,"warnings":0,"time":588}})[0m
[0m[[0m[0mdebug[0m] [0m[0mjsonRpcNotify: JsonRpcNotificationMessage(2.0, build/taskStart, {"taskId":{"id":"20","parents":[]},"eventTime":1625623373055,"message":"Compiling anagramsgroup-test","dataKind":"compile-task","data":{"target":{"uri":"file:/C:/Users/amcab/Documents/Trimestre%207/Tendencias/AnagramsGroup/#anagramsgroup/Test"}}})[0m
[0m[[0m[0minfo[0m] [0m[0mcompiling 1 Scala source to C:\Users\amcab\Documents\Trimestre 7\Tendencias\AnagramsGroup\target\scala-2.13\test-classes ...[0m
[0m[[0m[0mdebug[0m] [0m[0mjsonRpcNotify: JsonRpcNotificationMessage(2.0, build/logMessage, {"type":3,"message":"compiling 1 Scala source to C:\\Users\\amcab\\Documents\\Trimestre 7\\Tendencias\\AnagramsGroup\\target\\scala-2.13\\test-classes ..."})[0m
[0m[[0m[0mdebug[0m] [0m[0mjsonRpcNotify: JsonRpcNotificationMessage(2.0, build/publishDiagnostics, {"textDocument":{"uri":"file:///C:/Users/amcab/Documents/Trimestre%207/Tendencias/AnagramsGroup/src/test/scala/AnagramsTest.scala"},"buildTarget":{"uri":"file:/C:/Users/amcab/Documents/Trimestre%207/Tendencias/AnagramsGroup/#anagramsgroup/Test"},"diagnostics":[{"range":{"start":{"line":36,"character":4},"end":{"line":36,"character":13}},"severity":1,"source":"sbt","message":"not found: value HolaMundo"}],"reset":false})[0m
[0m[[0m[31merror[0m] [0m[0mC:\Users\amcab\Documents\Trimestre 7\Tendencias\AnagramsGroup\src\test\scala\AnagramsTest.scala:37:5: not found: value HolaMundo[0m
[0m[[0m[31merror[0m] [0m[0m    HolaMundo.MapFill("romo",expected)[0m
[0m[[0m[31merror[0m] [0m[0m    ^[0m
[0m[[0m[0mdebug[0m] [0m[0mjsonRpcNotify: JsonRpcNotificationMessage(2.0, build/logMessage, {"type":1,"message":"C:\\Users\\amcab\\Documents\\Trimestre 7\\Tendencias\\AnagramsGroup\\src\\test\\scala\\AnagramsTest.scala:37:5: not found: value HolaMundo"})[0m
[0m[[0m[0mdebug[0m] [0m[0mjsonRpcNotify: JsonRpcNotificationMessage(2.0, build/logMessage, {"type":1,"message":"    HolaMundo.MapFill(\"romo\",expected)"})[0m
[0m[[0m[0mdebug[0m] [0m[0mjsonRpcNotify: JsonRpcNotificationMessage(2.0, build/logMessage, {"type":1,"message":"    ^"})[0m
[0m[[0m[0mdebug[0m] [0m[0mjsonRpcNotify: JsonRpcNotificationMessage(2.0, build/publishDiagnostics, {"textDocument":{"uri":"file:///C:/Users/amcab/Documents/Trimestre%207/Tendencias/AnagramsGroup/src/test/scala/AnagramsTest.scala"},"buildTarget":{"uri":"file:/C:/Users/amcab/Documents/Trimestre%207/Tendencias/AnagramsGroup/#anagramsgroup/Test"},"diagnostics":[{"range":{"start":{"line":37,"character":4},"end":{"line":37,"character":13}},"severity":1,"source":"sbt","message":"not found: value HolaMundo"}],"reset":false})[0m
[0m[[0m[31merror[0m] [0m[0mC:\Users\amcab\Documents\Trimestre 7\Tendencias\AnagramsGroup\src\test\scala\AnagramsTest.scala:38:5: not found: value HolaMundo[0m
[0m[[0m[31merror[0m] [0m[0m    HolaMundo.MapFill("moro",expected)[0m
[0m[[0m[31merror[0m] [0m[0m    ^[0m
[0m[[0m[0mdebug[0m] [0m[0mjsonRpcNotify: JsonRpcNotificationMessage(2.0, build/logMessage, {"type":1,"message":"C:\\Users\\amcab\\Documents\\Trimestre 7\\Tendencias\\AnagramsGroup\\src\\test\\scala\\AnagramsTest.scala:38:5: not found: value HolaMundo"})[0m
[0m[[0m[0mdebug[0m] [0m[0mjsonRpcNotify: JsonRpcNotificationMessage(2.0, build/logMessage, {"type":1,"message":"    HolaMundo.MapFill(\"moro\",expected)"})[0m
[0m[[0m[0mdebug[0m] [0m[0mjsonRpcNotify: JsonRpcNotificationMessage(2.0, build/logMessage, {"type":1,"message":"    ^"})[0m
[0m[[0m[0mdebug[0m] [0m[0mjsonRpcNotify: JsonRpcNotificationMessage(2.0, build/publishDiagnostics, {"textDocument":{"uri":"file:///C:/Users/amcab/Documents/Trimestre%207/Tendencias/AnagramsGroup/src/test/scala/AnagramsTest.scala"},"buildTarget":{"uri":"file:/C:/Users/amcab/Documents/Trimestre%207/Tendencias/AnagramsGroup/#anagramsgroup/Test"},"diagnostics":[{"range":{"start":{"line":38,"character":4},"end":{"line":38,"character":13}},"severity":1,"source":"sbt","message":"not found: value HolaMundo"}],"reset":false})[0m
[0m[[0m[31merror[0m] [0m[0mC:\Users\amcab\Documents\Trimestre 7\Tendencias\AnagramsGroup\src\test\scala\AnagramsTest.scala:39:5: not found: value HolaMundo[0m
[0m[[0m[31merror[0m] [0m[0m    HolaMundo.MapFill("hola",expected)[0m
[0m[[0m[31merror[0m] [0m[0m    ^[0m
[0m[[0m[0mdebug[0m] [0m[0mjsonRpcNotify: JsonRpcNotificationMessage(2.0, build/logMessage, {"type":1,"message":"C:\\Users\\amcab\\Documents\\Trimestre 7\\Tendencias\\AnagramsGroup\\src\\test\\scala\\AnagramsTest.scala:39:5: not found: value HolaMundo"})[0m
[0m[[0m[0mdebug[0m] [0m[0mjsonRpcNotify: JsonRpcNotificationMessage(2.0, build/logMessage, {"type":1,"message":"    HolaMundo.MapFill(\"hola\",expected)"})[0m
[0m[[0m[0mdebug[0m] [0m[0mjsonRpcNotify: JsonRpcNotificationMessage(2.0, build/logMessage, {"type":1,"message":"    ^"})[0m
[0m[[0m[0mdebug[0m] [0m[0mjsonRpcNotify: JsonRpcNotificationMessage(2.0, build/publishDiagnostics, {"textDocument":{"uri":"file:///C:/Users/amcab/Documents/Trimestre%207/Tendencias/AnagramsGroup/src/test/scala/AnagramsTest.scala"},"buildTarget":{"uri":"file:/C:/Users/amcab/Documents/Trimestre%207/Tendencias/AnagramsGroup/#anagramsgroup/Test"},"diagnostics":[{"range":{"start":{"line":39,"character":4},"end":{"line":39,"character":13}},"severity":1,"source":"sbt","message":"not found: value HolaMundo"}],"reset":false})[0m
[0m[[0m[31merror[0m] [0m[0mC:\Users\amcab\Documents\Trimestre 7\Tendencias\AnagramsGroup\src\test\scala\AnagramsTest.scala:40:5: not found: value HolaMundo[0m
[0m[[0m[31merror[0m] [0m[0m    HolaMundo.MapFill("olah",expected)[0m
[0m[[0m[31merror[0m] [0m[0m    ^[0m
[0m[[0m[0mdebug[0m] [0m[0mjsonRpcNotify: JsonRpcNotificationMessage(2.0, build/logMessage, {"type":1,"message":"C:\\Users\\amcab\\Documents\\Trimestre 7\\Tendencias\\AnagramsGroup\\src\\test\\scala\\AnagramsTest.scala:40:5: not found: value HolaMundo"})[0m
[0m[[0m[0mdebug[0m] [0m[0mjsonRpcNotify: JsonRpcNotificationMessage(2.0, build/logMessage, {"type":1,"message":"    HolaMundo.MapFill(\"olah\",expected)"})[0m
[0m[[0m[0mdebug[0m] [0m[0mjsonRpcNotify: JsonRpcNotificationMessage(2.0, build/logMessage, {"type":1,"message":"    ^"})[0m
[0m[[0m[0mdebug[0m] [0m[0mjsonRpcNotify: JsonRpcNotificationMessage(2.0, build/publishDiagnostics, {"textDocument":{"uri":"file:///C:/Users/amcab/Documents/Trimestre%207/Tendencias/AnagramsGroup/src/test/scala/AnagramsTest.scala"},"buildTarget":{"uri":"file:/C:/Users/amcab/Documents/Trimestre%207/Tendencias/AnagramsGroup/#anagramsgroup/Test"},"diagnostics":[{"range":{"start":{"line":40,"character":4},"end":{"line":40,"character":13}},"severity":1,"source":"sbt","message":"not found: value HolaMundo"}],"reset":false})[0m
[0m[[0m[31merror[0m] [0m[0mC:\Users\amcab\Documents\Trimestre 7\Tendencias\AnagramsGroup\src\test\scala\AnagramsTest.scala:41:5: not found: value HolaMundo[0m
[0m[[0m[31merror[0m] [0m[0m    HolaMundo.MapFill("moro",expected)[0m
[0m[[0m[31merror[0m] [0m[0m    ^[0m
[0m[[0m[0mdebug[0m] [0m[0mjsonRpcNotify: JsonRpcNotificationMessage(2.0, build/logMessage, {"type":1,"message":"C:\\Users\\amcab\\Documents\\Trimestre 7\\Tendencias\\AnagramsGroup\\src\\test\\scala\\AnagramsTest.scala:41:5: not found: value HolaMundo"})[0m
[0m[[0m[0mdebug[0m] [0m[0mjsonRpcNotify: JsonRpcNotificationMessage(2.0, build/logMessage, {"type":1,"message":"    HolaMundo.MapFill(\"moro\",expected)"})[0m
[0m[[0m[0mdebug[0m] [0m[0mjsonRpcNotify: JsonRpcNotificationMessage(2.0, build/logMessage, {"type":1,"message":"    ^"})[0m
[0m[[0m[31merror[0m] [0m[0m5 errors found[0m
[0m[[0m[0mdebug[0m] [0m[0mjsonRpcNotify: JsonRpcNotificationMessage(2.0, build/logMessage, {"type":1,"message":"5 errors found"})[0m
[0m[[0m[0mdebug[0m] [0m[0mjsonRpcNotify: JsonRpcNotificationMessage(2.0, build/publishDiagnostics, {"textDocument":{"uri":"file:///C:/Users/amcab/Documents/Trimestre%207/Tendencias/AnagramsGroup/src/test/scala/AnagramsTest.scala"},"buildTarget":{"uri":"file:/C:/Users/amcab/Documents/Trimestre%207/Tendencias/AnagramsGroup/#anagramsgroup/Test"},"diagnostics":[{"range":{"start":{"line":36,"character":4},"end":{"line":36,"character":13}},"severity":1,"source":"sbt","message":"not found: value HolaMundo"},{"range":{"start":{"line":37,"character":4},"end":{"line":37,"character":13}},"severity":1,"source":"sbt","message":"not found: value HolaMundo"},{"range":{"start":{"line":38,"character":4},"end":{"line":38,"character":13}},"severity":1,"source":"sbt","message":"not found: value HolaMundo"},{"range":{"start":{"line":39,"character":4},"end":{"line":39,"character":13}},"severity":1,"source":"sbt","message":"not found: value HolaMundo"},{"range":{"start":{"line":40,"character":4},"end":{"line":40,"character":13}},"severity":1,"source":"sbt","message":"not found: value HolaMundo"}],"reset":true})[0m
[0m[[0m[0mdebug[0m] [0m[0mjsonRpcNotify: JsonRpcNotificationMessage(2.0, build/taskFinish, {"taskId":{"id":"20","parents":[]},"eventTime":1625623373310,"message":"Compiled anagramsgroup-test","status":2,"dataKind":"compile-report","data":{"target":{"uri":"file:/C:/Users/amcab/Documents/Trimestre%207/Tendencias/AnagramsGroup/#anagramsgroup/Test"},"errors":5,"warnings":0,"time":255}})[0m
[0m[[0m[0mdebug[0m] [0m[0mForcing garbage collection...[0m
[0m[[0m[31merror[0m] [0m[0m(Test / [31mcompileIncremental[0m) Compilation failed[0m
[0m[[0m[0mdebug[0m] [0m[0mjsonRpcNotify: JsonRpcNotificationMessage(2.0, build/logMessage, {"type":1,"message":"(Test / \u001b[31mcompileIncremental\u001b[0m) Compilation failed"})[0m
[0m[[0m[31merror[0m] [0m[0mTotal time: 2 s, completed 6-Jul-2021 10:02:53 PM[0m
[0m[[0m[0mdebug[0m] [0m[0munmatched Done event for requestId None: None[0m
[0m[[0m[0mdebug[0m] [0m[0m> Exec(shell, None, None)[0m
[0m[[0m[0mdebug[0m] [0m[0msymbol ListBuffer[0m
[0m[[0m[0mdebug[0m] [0m[0mlsp-definition potentials: Set()[0m
[0m[[0m[0mdebug[0m] [0m[0mlsp-definition locations Vector()[0m
[0m[[0m[0mdebug[0m] [0m[0msymbol ListBuffer[0m
[0m[[0m[0mdebug[0m] [0m[0mlsp-definition potentials: Set()[0m
[0m[[0m[0mdebug[0m] [0m[0mlsp-definition locations Vector()[0m
[0m[[0m[0mdebug[0m] [0m[0msymbol String[0m
[0m[[0m[0mdebug[0m] [0m[0mlsp-definition potentials: Set()[0m
[0m[[0m[0mdebug[0m] [0m[0mlsp-definition locations Vector()[0m
[0m[[0m[0mdebug[0m] [0m[0msymbol ListBuffer[0m
[0m[[0m[0mdebug[0m] [0m[0mlsp-definition potentials: Set()[0m
[0m[[0m[0mdebug[0m] [0m[0mlsp-definition locations Vector()[0m
[0m[[0m[0mdebug[0m] [0m[0msymbol C[0m
[0m[[0m[0mdebug[0m] [0m[0mlsp-definition potentials: Set()[0m
[0m[[0m[0mdebug[0m] [0m[0mlsp-definition locations Vector()[0m
[0m[[0m[0mdebug[0m] [0m[0msymbol ListBuffer[0m
[0m[[0m[0mdebug[0m] [0m[0mlsp-definition potentials: Set()[0m
[0m[[0m[0mdebug[0m] [0m[0mlsp-definition locations Vector()[0m
