[0m[[0m[0mdebug[0m] [0m[0m> Exec(;Test/compile; collectAnalyses, None, Some(CommandSource(network-1)))[0m
[0m[[0m[0mdebug[0m] [0m[0munmatched Processing event for requestId None: None[0m
[0m[[0m[0mdebug[0m] [0m[0munmatched Done event for requestId None: None[0m
[0m[[0m[0mdebug[0m] [0m[0m> Exec(Test/compile, None, Some(CommandSource(network-1)))[0m
[0m[[0m[0mdebug[0m] [0m[0munmatched Processing event for requestId None: None[0m
[0m[[0m[0mdebug[0m] [0m[0mEvaluating tasks: Test / compile[0m
[0m[[0m[0mdebug[0m] [0m[0mRunning task... Cancel: Signal, check cycles: false, forcegc: true[0m
[0m[[0m[0mdebug[0m] [0m[0mjsonRpcNotify: JsonRpcNotificationMessage(2.0, build/taskStart, {"taskId":{"id":"17","parents":[]},"eventTime":1625623264244,"message":"Compiling anagramsgroup","dataKind":"compile-task","data":{"target":{"uri":"file:/C:/Users/amcab/Documents/Trimestre%207/Tendencias/AnagramsGroup/#anagramsgroup/Compile"}}})[0m
[0m[[0m[0minfo[0m] [0m[0mcompiling 1 Scala source to C:\Users\amcab\Documents\Trimestre 7\Tendencias\AnagramsGroup\target\scala-2.13\classes ...[0m
[0m[[0m[0mdebug[0m] [0m[0mjsonRpcNotify: JsonRpcNotificationMessage(2.0, build/logMessage, {"type":3,"message":"compiling 1 Scala source to C:\\Users\\amcab\\Documents\\Trimestre 7\\Tendencias\\AnagramsGroup\\target\\scala-2.13\\classes ..."})[0m
[0m[[0m[33mwarn[0m] [0m[0m1 deprecation (since 2.13.3); re-run with -deprecation for details[0m
[0m[[0m[0mdebug[0m] [0m[0mjsonRpcNotify: JsonRpcNotificationMessage(2.0, build/logMessage, {"type":2,"message":"1 deprecation (since 2.13.3); re-run with -deprecation for details"})[0m
[0m[[0m[33mwarn[0m] [0m[0mone warning found[0m
[0m[[0m[0mdebug[0m] [0m[0mjsonRpcNotify: JsonRpcNotificationMessage(2.0, build/logMessage, {"type":2,"message":"one warning found"})[0m
[0m[[0m[0mdebug[0m] [0m[0mjsonRpcNotify: JsonRpcNotificationMessage(2.0, build/publishDiagnostics, {"textDocument":{"uri":"file:///C:/Users/amcab/Documents/Trimestre%207/Tendencias/AnagramsGroup/src/main/scala/Anagrams.scala"},"buildTarget":{"uri":"file:/C:/Users/amcab/Documents/Trimestre%207/Tendencias/AnagramsGroup/#anagramsgroup/Compile"},"diagnostics":[],"reset":true})[0m
[0m[[0m[0mdebug[0m] [0m[0mjsonRpcNotify: JsonRpcNotificationMessage(2.0, build/taskFinish, {"taskId":{"id":"17","parents":[]},"eventTime":1625623264605,"message":"Compiled anagramsgroup","status":1,"dataKind":"compile-report","data":{"target":{"uri":"file:/C:/Users/amcab/Documents/Trimestre%207/Tendencias/AnagramsGroup/#anagramsgroup/Compile"},"errors":0,"warnings":0,"time":361}})[0m
[0m[[0m[0mdebug[0m] [0m[0mjsonRpcNotify: JsonRpcNotificationMessage(2.0, build/taskStart, {"taskId":{"id":"18","parents":[]},"eventTime":1625623264629,"message":"Compiling anagramsgroup-test","dataKind":"compile-task","data":{"target":{"uri":"file:/C:/Users/amcab/Documents/Trimestre%207/Tendencias/AnagramsGroup/#anagramsgroup/Test"}}})[0m
[0m[[0m[0minfo[0m] [0m[0mcompiling 1 Scala source to C:\Users\amcab\Documents\Trimestre 7\Tendencias\AnagramsGroup\target\scala-2.13\test-classes ...[0m
[0m[[0m[0mdebug[0m] [0m[0mjsonRpcNotify: JsonRpcNotificationMessage(2.0, build/logMessage, {"type":3,"message":"compiling 1 Scala source to C:\\Users\\amcab\\Documents\\Trimestre 7\\Tendencias\\AnagramsGroup\\target\\scala-2.13\\test-classes ..."})[0m
[0m[[0m[0mdebug[0m] [0m[0mjsonRpcNotify: JsonRpcNotificationMessage(2.0, build/publishDiagnostics, {"textDocument":{"uri":"file:///C:/Users/amcab/Documents/Trimestre%207/Tendencias/AnagramsGroup/src/test/scala/AnagramsTest.scala"},"buildTarget":{"uri":"file:/C:/Users/amcab/Documents/Trimestre%207/Tendencias/AnagramsGroup/#anagramsgroup/Test"},"diagnostics":[{"range":{"start":{"line":36,"character":4},"end":{"line":36,"character":13}},"severity":1,"source":"sbt","message":"not found: value HolaMundo"}],"reset":false})[0m
[0m[[0m[31merror[0m] [0m[0mC:\Users\amcab\Documents\Trimestre 7\Tendencias\AnagramsGroup\src\test\scala\AnagramsTest.scala:37:5: not found: value HolaMundo[0m
[0m[[0m[31merror[0m] [0m[0m    HolaMundo.MapFill("romo",expected)[0m
[0m[[0m[31merror[0m] [0m[0m    ^[0m
[0m[[0m[0mdebug[0m] [0m[0mjsonRpcNotify: JsonRpcNotificationMessage(2.0, build/logMessage, {"type":1,"message":"C:\\Users\\amcab\\Documents\\Trimestre 7\\Tendencias\\AnagramsGroup\\src\\test\\scala\\AnagramsTest.scala:37:5: not found: value HolaMundo"})[0m
[0m[[0m[0mdebug[0m] [0m[0mjsonRpcNotify: JsonRpcNotificationMessage(2.0, build/logMessage, {"type":1,"message":"    HolaMundo.MapFill(\"romo\",expected)"})[0m
[0m[[0m[0mdebug[0m] [0m[0mjsonRpcNotify: JsonRpcNotificationMessage(2.0, build/logMessage, {"type":1,"message":"    ^"})[0m
[0m[[0m[0mdebug[0m] [0m[0mjsonRpcNotify: JsonRpcNotificationMessage(2.0, build/publishDiagnostics, {"textDocument":{"uri":"file:///C:/Users/amcab/Documents/Trimestre%207/Tendencias/AnagramsGroup/src/test/scala/AnagramsTest.scala"},"buildTarget":{"uri":"file:/C:/Users/amcab/Documents/Trimestre%207/Tendencias/AnagramsGroup/#anagramsgroup/Test"},"diagnostics":[{"range":{"start":{"line":37,"character":4},"end":{"line":37,"character":13}},"severity":1,"source":"sbt","message":"not found: value HolaMundo"}],"reset":false})[0m
[0m[[0m[31merror[0m] [0m[0mC:\Users\amcab\Documents\Trimestre 7\Tendencias\AnagramsGroup\src\test\scala\AnagramsTest.scala:38:5: not found: value HolaMundo[0m
[0m[[0m[31merror[0m] [0m[0m    HolaMundo.MapFill("moro",expected)[0m
[0m[[0m[31merror[0m] [0m[0m    ^[0m
[0m[[0m[0mdebug[0m] [0m[0mjsonRpcNotify: JsonRpcNotificationMessage(2.0, build/logMessage, {"type":1,"message":"C:\\Users\\amcab\\Documents\\Trimestre 7\\Tendencias\\AnagramsGroup\\src\\test\\scala\\AnagramsTest.scala:38:5: not found: value HolaMundo"})[0m
[0m[[0m[0mdebug[0m] [0m[0mjsonRpcNotify: JsonRpcNotificationMessage(2.0, build/logMessage, {"type":1,"message":"    HolaMundo.MapFill(\"moro\",expected)"})[0m
[0m[[0m[0mdebug[0m] [0m[0mjsonRpcNotify: JsonRpcNotificationMessage(2.0, build/logMessage, {"type":1,"message":"    ^"})[0m
[0m[[0m[0mdebug[0m] [0m[0mjsonRpcNotify: JsonRpcNotificationMessage(2.0, build/publishDiagnostics, {"textDocument":{"uri":"file:///C:/Users/amcab/Documents/Trimestre%207/Tendencias/AnagramsGroup/src/test/scala/AnagramsTest.scala"},"buildTarget":{"uri":"file:/C:/Users/amcab/Documents/Trimestre%207/Tendencias/AnagramsGroup/#anagramsgroup/Test"},"diagnostics":[{"range":{"start":{"line":38,"character":4},"end":{"line":38,"character":13}},"severity":1,"source":"sbt","message":"not found: value HolaMundo"}],"reset":false})[0m
[0m[[0m[31merror[0m] [0m[0mC:\Users\amcab\Documents\Trimestre 7\Tendencias\AnagramsGroup\src\test\scala\AnagramsTest.scala:39:5: not found: value HolaMundo[0m
[0m[[0m[31merror[0m] [0m[0m    HolaMundo.MapFill("hola",expected)[0m
[0m[[0m[31merror[0m] [0m[0m    ^[0m
[0m[[0m[0mdebug[0m] [0m[0mjsonRpcNotify: JsonRpcNotificationMessage(2.0, build/logMessage, {"type":1,"message":"C:\\Users\\amcab\\Documents\\Trimestre 7\\Tendencias\\AnagramsGroup\\src\\test\\scala\\AnagramsTest.scala:39:5: not found: value HolaMundo"})[0m
[0m[[0m[0mdebug[0m] [0m[0mjsonRpcNotify: JsonRpcNotificationMessage(2.0, build/logMessage, {"type":1,"message":"    HolaMundo.MapFill(\"hola\",expected)"})[0m
[0m[[0m[0mdebug[0m] [0m[0mjsonRpcNotify: JsonRpcNotificationMessage(2.0, build/logMessage, {"type":1,"message":"    ^"})[0m
[0m[[0m[0mdebug[0m] [0m[0mjsonRpcNotify: JsonRpcNotificationMessage(2.0, build/publishDiagnostics, {"textDocument":{"uri":"file:///C:/Users/amcab/Documents/Trimestre%207/Tendencias/AnagramsGroup/src/test/scala/AnagramsTest.scala"},"buildTarget":{"uri":"file:/C:/Users/amcab/Documents/Trimestre%207/Tendencias/AnagramsGroup/#anagramsgroup/Test"},"diagnostics":[{"range":{"start":{"line":39,"character":4},"end":{"line":39,"character":13}},"severity":1,"source":"sbt","message":"not found: value HolaMundo"}],"reset":false})[0m
[0m[[0m[31merror[0m] [0m[0mC:\Users\amcab\Documents\Trimestre 7\Tendencias\AnagramsGroup\src\test\scala\AnagramsTest.scala:40:5: not found: value HolaMundo[0m
[0m[[0m[31merror[0m] [0m[0m    HolaMundo.MapFill("olah",expected)[0m
[0m[[0m[31merror[0m] [0m[0m    ^[0m
[0m[[0m[0mdebug[0m] [0m[0mjsonRpcNotify: JsonRpcNotificationMessage(2.0, build/logMessage, {"type":1,"message":"C:\\Users\\amcab\\Documents\\Trimestre 7\\Tendencias\\AnagramsGroup\\src\\test\\scala\\AnagramsTest.scala:40:5: not found: value HolaMundo"})[0m
[0m[[0m[0mdebug[0m] [0m[0mjsonRpcNotify: JsonRpcNotificationMessage(2.0, build/logMessage, {"type":1,"message":"    HolaMundo.MapFill(\"olah\",expected)"})[0m
[0m[[0m[0mdebug[0m] [0m[0mjsonRpcNotify: JsonRpcNotificationMessage(2.0, build/logMessage, {"type":1,"message":"    ^"})[0m
[0m[[0m[0mdebug[0m] [0m[0mjsonRpcNotify: JsonRpcNotificationMessage(2.0, build/publishDiagnostics, {"textDocument":{"uri":"file:///C:/Users/amcab/Documents/Trimestre%207/Tendencias/AnagramsGroup/src/test/scala/AnagramsTest.scala"},"buildTarget":{"uri":"file:/C:/Users/amcab/Documents/Trimestre%207/Tendencias/AnagramsGroup/#anagramsgroup/Test"},"diagnostics":[{"range":{"start":{"line":40,"character":4},"end":{"line":40,"character":13}},"severity":1,"source":"sbt","message":"not found: value HolaMundo"}],"reset":false})[0m
[0m[[0m[31merror[0m] [0m[0mC:\Users\amcab\Documents\Trimestre 7\Tendencias\AnagramsGroup\src\test\scala\AnagramsTest.scala:41:5: not found: value HolaMundo[0m
[0m[[0m[31merror[0m] [0m[0m    HolaMundo.MapFill("moro",expected)[0m
[0m[[0m[31merror[0m] [0m[0m    ^[0m
[0m[[0m[0mdebug[0m] [0m[0mjsonRpcNotify: JsonRpcNotificationMessage(2.0, build/logMessage, {"type":1,"message":"C:\\Users\\amcab\\Documents\\Trimestre 7\\Tendencias\\AnagramsGroup\\src\\test\\scala\\AnagramsTest.scala:41:5: not found: value HolaMundo"})[0m
[0m[[0m[0mdebug[0m] [0m[0mjsonRpcNotify: JsonRpcNotificationMessage(2.0, build/logMessage, {"type":1,"message":"    HolaMundo.MapFill(\"moro\",expected)"})[0m
[0m[[0m[0mdebug[0m] [0m[0mjsonRpcNotify: JsonRpcNotificationMessage(2.0, build/logMessage, {"type":1,"message":"    ^"})[0m
[0m[[0m[31merror[0m] [0m[0m5 errors found[0m
[0m[[0m[0mdebug[0m] [0m[0mjsonRpcNotify: JsonRpcNotificationMessage(2.0, build/logMessage, {"type":1,"message":"5 errors found"})[0m
[0m[[0m[0mdebug[0m] [0m[0mjsonRpcNotify: JsonRpcNotificationMessage(2.0, build/publishDiagnostics, {"textDocument":{"uri":"file:///C:/Users/amcab/Documents/Trimestre%207/Tendencias/AnagramsGroup/src/test/scala/AnagramsTest.scala"},"buildTarget":{"uri":"file:/C:/Users/amcab/Documents/Trimestre%207/Tendencias/AnagramsGroup/#anagramsgroup/Test"},"diagnostics":[{"range":{"start":{"line":36,"character":4},"end":{"line":36,"character":13}},"severity":1,"source":"sbt","message":"not found: value HolaMundo"},{"range":{"start":{"line":37,"character":4},"end":{"line":37,"character":13}},"severity":1,"source":"sbt","message":"not found: value HolaMundo"},{"range":{"start":{"line":38,"character":4},"end":{"line":38,"character":13}},"severity":1,"source":"sbt","message":"not found: value HolaMundo"},{"range":{"start":{"line":39,"character":4},"end":{"line":39,"character":13}},"severity":1,"source":"sbt","message":"not found: value HolaMundo"},{"range":{"start":{"line":40,"character":4},"end":{"line":40,"character":13}},"severity":1,"source":"sbt","message":"not found: value HolaMundo"}],"reset":true})[0m
[0m[[0m[0mdebug[0m] [0m[0mjsonRpcNotify: JsonRpcNotificationMessage(2.0, build/taskFinish, {"taskId":{"id":"18","parents":[]},"eventTime":1625623264796,"message":"Compiled anagramsgroup-test","status":2,"dataKind":"compile-report","data":{"target":{"uri":"file:/C:/Users/amcab/Documents/Trimestre%207/Tendencias/AnagramsGroup/#anagramsgroup/Test"},"errors":5,"warnings":0,"time":167}})[0m
[0m[[0m[31merror[0m] [0m[0m(Test / [31mcompileIncremental[0m) Compilation failed[0m
[0m[[0m[0mdebug[0m] [0m[0mjsonRpcNotify: JsonRpcNotificationMessage(2.0, build/logMessage, {"type":1,"message":"(Test / \u001b[31mcompileIncremental\u001b[0m) Compilation failed"})[0m
[0m[[0m[31merror[0m] [0m[0mTotal time: 1 s, completed 6-Jul-2021 10:01:04 PM[0m
[0m[[0m[0mdebug[0m] [0m[0munmatched Done event for requestId None: None[0m
[0m[[0m[0mdebug[0m] [0m[0m> Exec(shell, None, None)[0m
[0m[[0m[0mdebug[0m] [0m[0mlsp-definition json request: {"textDocument":{"uri":"file:///c%3A/Users/amcab/Documents/Trimestre%207/Tendencias/AnagramsGroup/src/main/scala/Anagrams.scala"},"position":{"line":8,"character":26}}[0m
[0m[[0m[0mdebug[0m] [0m[0mlsp-definition found line: [0m
[0m[[0m[0minfo[0m] [0m[0mSymbol not found in definition request {"textDocument":{"uri":"file:///c%3A/Users/amcab/Documents/Trimestre%207/Tendencias/AnagramsGroup/src/main/scala/Anagrams.scala"},"position":{"line":8,"character":26}}[0m
[0m[[0m[0mdebug[0m] [0m[0mlsp-definition json request: {"textDocument":{"uri":"file:///c%3A/Users/amcab/Documents/Trimestre%207/Tendencias/AnagramsGroup/src/main/scala/Anagrams.scala"},"position":{"line":8,"character":26}}[0m
[0m[[0m[0mdebug[0m] [0m[0mlsp-definition found line: [0m
[0m[[0m[0minfo[0m] [0m[0mSymbol not found in definition request {"textDocument":{"uri":"file:///c%3A/Users/amcab/Documents/Trimestre%207/Tendencias/AnagramsGroup/src/main/scala/Anagrams.scala"},"position":{"line":8,"character":26}}[0m
[0m[[0m[0mdebug[0m] [0m[0mlsp-definition json request: {"textDocument":{"uri":"file:///c%3A/Users/amcab/Documents/Trimestre%207/Tendencias/AnagramsGroup/src/main/scala/Anagrams.scala"},"position":{"line":27,"character":26}}[0m
[0m[[0m[0mdebug[0m] [0m[0mlsp-definition found line: [0m
[0m[[0m[0minfo[0m] [0m[0mSymbol not found in definition request {"textDocument":{"uri":"file:///c%3A/Users/amcab/Documents/Trimestre%207/Tendencias/AnagramsGroup/src/main/scala/Anagrams.scala"},"position":{"line":27,"character":26}}[0m
[0m[[0m[0mdebug[0m] [0m[0mUnhandled notification received: textDocument/didOpen: JsonRpcNotificationMessage(2.0, textDocument/didOpen, {"textDocument":{"uri":"file:///c%3A/Users/amcab/Documents/Trimestre%207/Tendencias/AnagramsGroup/.metals/readonly/dependencies/src.zip/java/io/FileNotFoundException.java","languageId":"java","version":1,"text":"/*\n * Copyright (c) 1994, 2008, Oracle and/or its affiliates. All rights reserved.\n * DO NOT ALTER OR REMOVE COPYRIGHT NOTICES OR THIS FILE HEADER.\n *\n * This code is free software; you can redistribute it and/or modify it\n * under the terms of the GNU General Public License version 2 only, as\n * published by the Free Software Foundation.  Oracle designates this\n * particular file as subject to the \"Classpath\" exception as provided\n * by Oracle in the LICENSE file that accompanied this code.\n *\n * This code is distributed in the hope that it will be useful, but WITHOUT\n * ANY WARRANTY; without even the implied warranty of MERCHANTABILITY or\n * FITNESS FOR A PARTICULAR PURPOSE.  See the GNU General Public License\n * version 2 for more details (a copy is included in the LICENSE file that\n * accompanied this code).\n *\n * You should have received a copy of the GNU General Public License version\n * 2 along with this work; if not, write to the Free Software Foundation,\n * Inc., 51 Franklin St, Fifth Floor, Boston, MA 02110-1301 USA.\n *\n * Please contact Oracle, 500 Oracle Parkway, Redwood Shores, CA 94065 USA\n * or visit www.oracle.com if you need additional information or have any\n * questions.\n */\n\npackage java.io;\n\n\n/**\n * Signals that an attempt to open the file denoted by a specified pathname\n * has failed.\n *\n * <p> This exception will be thrown by the {@link FileInputStream}, {@link\n * FileOutputStream}, and {@link RandomAccessFile} constructors when a file\n * with the specified pathname does not exist.  It will also be thrown by these\n * constructors if the file does exist but for some reason is inaccessible, for\n * example when an attempt is made to open a read-only file for writing.\n *\n * @author  unascribed\n * @since   JDK1.0\n */\n\npublic class FileNotFoundException extends IOException {\n    private static final long serialVersionUID = -897856973823710492L;\n\n    /**\n     * Constructs a <code>FileNotFoundException</code> with\n     * <code>null</code> as its error detail message.\n     */\n    public FileNotFoundException() {\n        super();\n    }\n\n    /**\n     * Constructs a <code>FileNotFoundException</code> with the\n     * specified detail message. The string <code>s</code> can be\n     * retrieved later by the\n     * <code>{@link java.lang.Throwable#getMessage}</code>\n     * method of class <code>java.lang.Throwable</code>.\n     *\n     * @param   s   the detail message.\n     */\n    public FileNotFoundException(String s) {\n        super(s);\n    }\n\n    /**\n     * Constructs a <code>FileNotFoundException</code> with a detail message\n     * consisting of the given pathname string followed by the given reason\n     * string.  If the <code>reason</code> argument is <code>null</code> then\n     * it will be omitted.  This private constructor is invoked only by native\n     * I/O methods.\n     *\n     * @since 1.2\n     */\n    private FileNotFoundException(String path, String reason) {\n        super(path + ((reason == null)\n                      ? \"\"\n                      : \" (\" + reason + \")\"));\n    }\n\n}\n"}})[0m
[0m[[0m[0mdebug[0m] [0m[0mUnhandled notification received: textDocument/didClose: JsonRpcNotificationMessage(2.0, textDocument/didClose, {"textDocument":{"uri":"file:///c%3A/Users/amcab/Documents/Trimestre%207/Tendencias/AnagramsGroup/.metals/readonly/dependencies/src.zip/java/io/FileNotFoundException.java"}})[0m
[0m[[0m[0mdebug[0m] [0m[0mlsp-definition json request: {"textDocument":{"uri":"file:///c%3A/Users/amcab/Documents/Trimestre%207/Tendencias/AnagramsGroup/src/main/scala/Anagrams.scala"},"position":{"line":18,"character":27}}[0m
[0m[[0m[0mdebug[0m] [0m[0mlsp-definition found line:   def GetPath(filename: File): Unit = {[0m
[0m[[0m[0mdebug[0m] [0m[0msymbol File[0m
[0m[[0m[0mdebug[0m] [0m[0mlsp-definition potentials: Set()[0m
[0m[[0m[0mdebug[0m] [0m[0mlsp-definition locations Vector()[0m
[0m[[0m[0mdebug[0m] [0m[0mlsp-definition json request: {"textDocument":{"uri":"file:///c%3A/Users/amcab/Documents/Trimestre%207/Tendencias/AnagramsGroup/src/main/scala/Anagrams.scala"},"position":{"line":16,"character":103}}[0m
[0m[[0m[0mdebug[0m] [0m[0mlsp-definition found line:   val AnagramSet: scala.collection.mutable.Map[String, ListBuffer[String]] = scala.collection.mutable.Map[String, ListBuffer[String]]()[0m
[0m[[0m[0mdebug[0m] [0m[0mUnhandled notification received: $/cancelRequest: JsonRpcNotificationMessage(2.0, $/cancelRequest, {"id":26})[0m
[0m[[0m[0mdebug[0m] [0m[0mlsp-definition json request: {"textDocument":{"uri":"file:///c%3A/Users/amcab/Documents/Trimestre%207/Tendencias/AnagramsGroup/src/main/scala/Anagrams.scala"},"position":{"line":16,"character":110}}[0m
[0m[[0m[0mdebug[0m] [0m[0mlsp-definition found line:   val AnagramSet: scala.collection.mutable.Map[String, ListBuffer[String]] = scala.collection.mutable.Map[String, ListBuffer[String]]()[0m
[0m[[0m[0mdebug[0m] [0m[0mUnhandled notification received: $/cancelRequest: JsonRpcNotificationMessage(2.0, $/cancelRequest, {"id":27})[0m
[0m[[0m[0mdebug[0m] [0m[0mlsp-definition json request: {"textDocument":{"uri":"file:///c%3A/Users/amcab/Documents/Trimestre%207/Tendencias/AnagramsGroup/src/main/scala/Anagrams.scala"},"position":{"line":16,"character":120}}[0m
[0m[[0m[0mdebug[0m] [0m[0mlsp-definition found line:   val AnagramSet: scala.collection.mutable.Map[String, ListBuffer[String]] = scala.collection.mutable.Map[String, ListBuffer[String]]()[0m
[0m[[0m[0mdebug[0m] [0m[0mUnhandled notification received: $/cancelRequest: JsonRpcNotificationMessage(2.0, $/cancelRequest, {"id":28})[0m
[0m[[0m[0mdebug[0m] [0m[0mlsp-definition json request: {"textDocument":{"uri":"file:///c%3A/Users/amcab/Documents/Trimestre%207/Tendencias/AnagramsGroup/src/main/scala/Anagrams.scala"},"position":{"line":16,"character":121}}[0m
[0m[[0m[0mdebug[0m] [0m[0mlsp-definition found line:   val AnagramSet: scala.collection.mutable.Map[String, ListBuffer[String]] = scala.collection.mutable.Map[String, ListBuffer[String]]()[0m
[0m[[0m[0mdebug[0m] [0m[0mUnhandled notification received: $/cancelRequest: JsonRpcNotificationMessage(2.0, $/cancelRequest, {"id":29})[0m
[0m[[0m[0mdebug[0m] [0m[0mlsp-definition json request: {"textDocument":{"uri":"file:///c%3A/Users/amcab/Documents/Trimestre%207/Tendencias/AnagramsGroup/src/main/scala/Anagrams.scala"},"position":{"line":16,"character":122}}[0m
[0m[[0m[0mdebug[0m] [0m[0mlsp-definition found line:   val AnagramSet: scala.collection.mutable.Map[String, ListBuffer[String]] = scala.collection.mutable.Map[String, ListBuffer[String]]()[0m
[0m[[0m[0mdebug[0m] [0m[0mUnhandled notification received: $/cancelRequest: JsonRpcNotificationMessage(2.0, $/cancelRequest, {"id":30})[0m
[0m[[0m[0mdebug[0m] [0m[0mlsp-definition json request: {"textDocument":{"uri":"file:///c%3A/Users/amcab/Documents/Trimestre%207/Tendencias/AnagramsGroup/src/main/scala/Anagrams.scala"},"position":{"line":16,"character":122}}[0m
[0m[[0m[0mdebug[0m] [0m[0mlsp-definition found line:   val AnagramSet: scala.collection.mutable.Map[String, ListBuffer[String]] = scala.collection.mutable.Map[String, ListBuffer[String]]()[0m
[0m[[0m[0mdebug[0m] [0m[0mUnhandled notification received: $/cancelRequest: JsonRpcNotificationMessage(2.0, $/cancelRequest, {"id":31})[0m
[0m[[0m[0mdebug[0m] [0m[0mlsp-definition json request: {"textDocument":{"uri":"file:///c%3A/Users/amcab/Documents/Trimestre%207/Tendencias/AnagramsGroup/src/main/scala/Anagrams.scala"},"position":{"line":16,"character":105}}[0m
[0m[[0m[0mdebug[0m] [0m[0mlsp-definition found line:   val AnagramSet: scala.collection.mutable.Map[String, ListBuffer[String]] = scala.collection.mutable.Map[String, ListBuffer[String]]()[0m
[0m[[0m[0mdebug[0m] [0m[0msymbol Map[0m
[0m[[0m[0mdebug[0m] [0m[0mlsp-definition potentials: Set()[0m
[0m[[0m[0mdebug[0m] [0m[0mlsp-definition locations Vector()[0m
[0m[[0m[0mdebug[0m] [0m[0msymbol Map[0m
[0m[[0m[0mdebug[0m] [0m[0mlsp-definition potentials: Set()[0m
[0m[[0m[0mdebug[0m] [0m[0mlsp-definition locations Vector()[0m
[0m[[0m[0mdebug[0m] [0m[0mlsp-definition json request: {"textDocument":{"uri":"file:///c%3A/Users/amcab/Documents/Trimestre%207/Tendencias/AnagramsGroup/src/main/scala/Anagrams.scala"},"position":{"line":7,"character":25}}[0m
[0m[[0m[0mdebug[0m] [0m[0mlsp-definition found line:     var file = new File("C:\\Users\\amcab\\Documents\\Trimestre 7\\Tendencias\\AnagramsGroup\\src\\main\\scala\\wordList.txt")[0m
