[0m2021.07.06 21:52:01 INFO  Started: Metals version 0.10.4 in workspace 'C:\Users\amcab\Documents\Trimestre 7\Tendencias\AnagramsGroup' for client Visual Studio Code 1.57.1.[0m
[0m2021.07.06 21:52:04 INFO  time: initialize in 2.98s[0m
[0m2021.07.06 21:52:04 WARN  Build server is not auto-connectable.[0m
[0m2021.07.06 21:52:04 WARN  no build target for: C:\Users\amcab\Documents\Trimestre 7\Tendencias\AnagramsGroup\src\main\scala\Anagrams.scala[0m
[0m2021.07.06 21:52:11 INFO  no build target: using presentation compiler with only scala-library: 2.12.14[0m
[0m2021.07.06 21:52:15 INFO  time: code lens generation in 10s[0m
[0m2021.07.06 21:52:34 WARN  no build target for: C:\Users\amcab\Documents\Trimestre 7\Tendencias\AnagramsGroup\src\main\scala\Anagrams.scala[0m
[0m2021.07.06 21:54:19 WARN  no build target for: C:\Users\amcab\Documents\Trimestre 7\Tendencias\AnagramsGroup\src\main\scala\Anagrams.scala[0m
[0m2021.07.06 21:55:55 WARN  no build target for: C:\Users\amcab\Documents\Trimestre 7\Tendencias\AnagramsGroup\src\main\scala\Anagrams.scala[0m
[0m2021.07.06 21:55:55 WARN  no build target for: C:\Users\amcab\Documents\Trimestre 7\Tendencias\AnagramsGroup\src\main\scala\Anagrams.scala[0m
[0m2021.07.06 21:55:55 WARN  no build target for: C:\Users\amcab\Documents\Trimestre 7\Tendencias\AnagramsGroup\src\main\scala\Anagrams.scala[0m
Exception in thread "pool-3-thread-1" java.lang.Error: java.lang.InterruptedException
	at java.util.concurrent.ThreadPoolExecutor.runWorker(ThreadPoolExecutor.java:1155)
	at java.util.concurrent.ThreadPoolExecutor$Worker.run(ThreadPoolExecutor.java:624)
	at java.lang.Thread.run(Thread.java:748)
Caused by: java.lang.InterruptedException
	at scala.meta.internal.metals.FutureCancelToken.checkCanceled(FutureCancelToken.scala:29)
	at scala.meta.internal.pc.CompilerAccess.$anonfun$onCompilerJobQueue$1(CompilerAccess.scala:195)
	at scala.meta.internal.pc.CompilerJobQueue$Job.run(CompilerJobQueue.scala:103)
	at java.util.concurrent.ThreadPoolExecutor.runWorker(ThreadPoolExecutor.java:1149)
	... 2 more
[0m2021.07.06 21:56:41 WARN  no build target for: C:\Users\amcab\Documents\Trimestre 7\Tendencias\AnagramsGroup\src\main\scala\Anagrams.scala[0m
[0m2021.07.06 21:56:43 WARN  no build target for: C:\Users\amcab\Documents\Trimestre 7\Tendencias\AnagramsGroup\src\main\scala\Anagrams.scala[0m
[0m2021.07.06 21:56:43 WARN  no build target for: C:\Users\amcab\Documents\Trimestre 7\Tendencias\AnagramsGroup\src\main\scala\Anagrams.scala[0m
Jul 06, 2021 9:56:49 PM org.eclipse.lsp4j.jsonrpc.RemoteEndpoint handleCancellation
WARNING: Unmatched cancel notification for request id 288
[0m2021.07.06 21:56:54 WARN  no build target for: C:\Users\amcab\Documents\Trimestre 7\Tendencias\AnagramsGroup\src\main\scala\Anagrams.scala[0m
[0m2021.07.06 21:57:55 WARN  no build target for: C:\Users\amcab\Documents\Trimestre 7\Tendencias\AnagramsGroup\src\main\scala\Anagrams.scala[0m
[0m2021.07.06 21:58:58 WARN  no build target for: C:\Users\amcab\Documents\Trimestre 7\Tendencias\AnagramsGroup\src\main\scala\Anagrams.scala[0m
Jul 06, 2021 9:58:58 PM scala.meta.internal.pc.CompilerAccess handleError
SEVERE: file%3A%2F%2F%2FC%3A%2FUsers%2Famcab%2FDocuments%2FTrimestre%25207%2FTendencias%2FAnagramsGroup%2Fsrc%2Fmain%2Fscala%2FAnagrams.scala:8: error: invalid escape character
    var file = new File("C:\\Users\\amcab\Documents\\Trimestre 7\\Tendencias\\AnagramsGroup\\src\\main\\scala\\wordList.txt")
                                          ^
file%3A%2F%2F%2FC%3A%2FUsers%2Famcab%2FDocuments%2FTrimestre%25207%2FTendencias%2FAnagramsGroup%2Fsrc%2Fmain%2Fscala%2FAnagrams.scala:8: error: invalid escape character
    var file = new File("C:\\Users\\amcab\Documents\\Trimestre 7\\Tendencias\\AnagramsGroup\\src\\main\\scala\\wordList.txt")
                                          ^
	at scala.meta.internal.tokenizers.Reporter.syntaxError(Reporter.scala:23)
	at scala.meta.internal.tokenizers.Reporter.syntaxError$(Reporter.scala:23)
	at scala.meta.internal.tokenizers.Reporter$$anon$1.syntaxError(Reporter.scala:33)
	at scala.meta.internal.tokenizers.Reporter.syntaxError(Reporter.scala:25)
	at scala.meta.internal.tokenizers.Reporter.syntaxError$(Reporter.scala:25)
	at scala.meta.internal.tokenizers.Reporter$$anon$1.syntaxError(Reporter.scala:33)
	at scala.meta.internal.tokenizers.LegacyScanner.invalidEscape(LegacyScanner.scala:850)
	at scala.meta.internal.tokenizers.LegacyScanner.getLitChar(LegacyScanner.scala:838)
	at scala.meta.internal.tokenizers.LegacyScanner.getLitChars(LegacyScanner.scala:861)
	at scala.meta.internal.tokenizers.LegacyScanner.getStringLit(LegacyScanner.scala:647)
	at scala.meta.internal.tokenizers.LegacyScanner.fetchDoubleQuote$1(LegacyScanner.scala:442)
	at scala.meta.internal.tokenizers.LegacyScanner.fetchToken(LegacyScanner.scala:446)
	at scala.meta.internal.tokenizers.LegacyScanner.nextToken(LegacyScanner.scala:251)
	at scala.meta.internal.tokenizers.LegacyScanner.foreach(LegacyScanner.scala:1106)
	at scala.meta.internal.tokenizers.ScalametaTokenizer.uncachedTokenize(ScalametaTokenizer.scala:157)
	at scala.meta.internal.tokenizers.ScalametaTokenizer.$anonfun$tokenize$1(ScalametaTokenizer.scala:17)
	at scala.collection.concurrent.TrieMap.getOrElseUpdate(TrieMap.scala:895)
	at scala.meta.internal.tokenizers.ScalametaTokenizer.tokenize(ScalametaTokenizer.scala:17)
	at scala.meta.internal.tokenizers.ScalametaTokenizer$$anon$2.apply(ScalametaTokenizer.scala:336)
	at scala.meta.tokenizers.Api$XtensionTokenizeDialectInput.tokenize(Api.scala:25)
	at scala.meta.tokenizers.Api$XtensionTokenizeInputLike.tokenize(Api.scala:14)
	at scala.meta.internal.parsers.ScalametaParser.scannerTokens$lzycompute(ScalametaParser.scala:241)
	at scala.meta.internal.parsers.ScalametaParser.scannerTokens(ScalametaParser.scala:241)
	at scala.meta.internal.parsers.ScalametaParser.<init>(ScalametaParser.scala:155)
	at scala.meta.internal.parsers.ScalametaParser$$anon$261.apply(ScalametaParser.scala:5155)
	at scala.meta.parsers.Api$XtensionParseDialectInput.parse(Api.scala:25)
	at scala.meta.internal.semanticdb.scalac.ParseOps$XtensionCompilationUnitSource.toSource(ParseOps.scala:17)
	at scala.meta.internal.semanticdb.scalac.TextDocumentOps$XtensionCompilationUnitDocument.toTextDocument(TextDocumentOps.scala:201)
	at scala.meta.internal.pc.SemanticdbTextDocumentProvider.textDocument(SemanticdbTextDocumentProvider.scala:51)

Jul 06, 2021 9:58:58 PM scala.meta.internal.pc.CompilerAccess handleError
SEVERE: file%3A%2F%2F%2FC%3A%2FUsers%2Famcab%2FDocuments%2FTrimestre%25207%2FTendencias%2FAnagramsGroup%2Fsrc%2Fmain%2Fscala%2FAnagrams.scala:8: error: invalid escape character
    var file = new File("C:\\Users\\amcab\Documents\\Trimestre 7\\Tendencias\\AnagramsGroup\\src\\main\\scala\\wordList.txt")
                                          ^
file%3A%2F%2F%2FC%3A%2FUsers%2Famcab%2FDocuments%2FTrimestre%25207%2FTendencias%2FAnagramsGroup%2Fsrc%2Fmain%2Fscala%2FAnagrams.scala:8: error: invalid escape character
    var file = new File("C:\\Users\\amcab\Documents\\Trimestre 7\\Tendencias\\AnagramsGroup\\src\\main\\scala\\wordList.txt")
                                          ^
	at scala.meta.internal.tokenizers.Reporter.syntaxError(Reporter.scala:23)
	at scala.meta.internal.tokenizers.Reporter.syntaxError$(Reporter.scala:23)
	at scala.meta.internal.tokenizers.Reporter$$anon$1.syntaxError(Reporter.scala:33)
	at scala.meta.internal.tokenizers.Reporter.syntaxError(Reporter.scala:25)
	at scala.meta.internal.tokenizers.Reporter.syntaxError$(Reporter.scala:25)
	at scala.meta.internal.tokenizers.Reporter$$anon$1.syntaxError(Reporter.scala:33)
	at scala.meta.internal.tokenizers.LegacyScanner.invalidEscape(LegacyScanner.scala:850)
	at scala.meta.internal.tokenizers.LegacyScanner.getLitChar(LegacyScanner.scala:838)
	at scala.meta.internal.tokenizers.LegacyScanner.getLitChars(LegacyScanner.scala:861)
	at scala.meta.internal.tokenizers.LegacyScanner.getStringLit(LegacyScanner.scala:647)
	at scala.meta.internal.tokenizers.LegacyScanner.fetchDoubleQuote$1(LegacyScanner.scala:442)
	at scala.meta.internal.tokenizers.LegacyScanner.fetchToken(LegacyScanner.scala:446)
	at scala.meta.internal.tokenizers.LegacyScanner.nextToken(LegacyScanner.scala:251)
	at scala.meta.internal.tokenizers.LegacyScanner.foreach(LegacyScanner.scala:1106)
	at scala.meta.internal.tokenizers.ScalametaTokenizer.uncachedTokenize(ScalametaTokenizer.scala:157)
	at scala.meta.internal.tokenizers.ScalametaTokenizer.$anonfun$tokenize$1(ScalametaTokenizer.scala:17)
	at scala.collection.concurrent.TrieMap.getOrElseUpdate(TrieMap.scala:895)
	at scala.meta.internal.tokenizers.ScalametaTokenizer.tokenize(ScalametaTokenizer.scala:17)
	at scala.meta.internal.tokenizers.ScalametaTokenizer$$anon$2.apply(ScalametaTokenizer.scala:336)
	at scala.meta.tokenizers.Api$XtensionTokenizeDialectInput.tokenize(Api.scala:25)
	at scala.meta.tokenizers.Api$XtensionTokenizeInputLike.tokenize(Api.scala:14)
	at scala.meta.internal.parsers.ScalametaParser.scannerTokens$lzycompute(ScalametaParser.scala:241)
	at scala.meta.internal.parsers.ScalametaParser.scannerTokens(ScalametaParser.scala:241)
	at scala.meta.internal.parsers.ScalametaParser.<init>(ScalametaParser.scala:155)
	at scala.meta.internal.parsers.ScalametaParser$$anon$261.apply(ScalametaParser.scala:5155)
	at scala.meta.parsers.Api$XtensionParseDialectInput.parse(Api.scala:25)
	at scala.meta.internal.semanticdb.scalac.ParseOps$XtensionCompilationUnitSource.toSource(ParseOps.scala:17)
	at scala.meta.internal.semanticdb.scalac.TextDocumentOps$XtensionCompilationUnitDocument.toTextDocument(TextDocumentOps.scala:201)
	at scala.meta.internal.pc.SemanticdbTextDocumentProvider.textDocument(SemanticdbTextDocumentProvider.scala:51)

Jul 06, 2021 9:59:00 PM scala.meta.internal.pc.CompilerAccess handleError
SEVERE: file%3A%2F%2F%2FC%3A%2FUsers%2Famcab%2FDocuments%2FTrimestre%25207%2FTendencias%2FAnagramsGroup%2Fsrc%2Fmain%2Fscala%2FAnagrams.scala:8: error: invalid escape character
    var file = new File("C:\\Users\\amcab\Documents\\Trimestre 7\\Tendencias\\AnagramsGroup\\src\\main\\scala\\wordList.txt")
                                          ^
file%3A%2F%2F%2FC%3A%2FUsers%2Famcab%2FDocuments%2FTrimestre%25207%2FTendencias%2FAnagramsGroup%2Fsrc%2Fmain%2Fscala%2FAnagrams.scala:8: error: invalid escape character
    var file = new File("C:\\Users\\amcab\Documents\\Trimestre 7\\Tendencias\\AnagramsGroup\\src\\main\\scala\\wordList.txt")
                                          ^
	at scala.meta.internal.tokenizers.Reporter.syntaxError(Reporter.scala:23)
	at scala.meta.internal.tokenizers.Reporter.syntaxError$(Reporter.scala:23)
	at scala.meta.internal.tokenizers.Reporter$$anon$1.syntaxError(Reporter.scala:33)
	at scala.meta.internal.tokenizers.Reporter.syntaxError(Reporter.scala:25)
	at scala.meta.internal.tokenizers.Reporter.syntaxError$(Reporter.scala:25)
	at scala.meta.internal.tokenizers.Reporter$$anon$1.syntaxError(Reporter.scala:33)
	at scala.meta.internal.tokenizers.LegacyScanner.invalidEscape(LegacyScanner.scala:850)
	at scala.meta.internal.tokenizers.LegacyScanner.getLitChar(LegacyScanner.scala:838)
	at scala.meta.internal.tokenizers.LegacyScanner.getLitChars(LegacyScanner.scala:861)
	at scala.meta.internal.tokenizers.LegacyScanner.getStringLit(LegacyScanner.scala:647)
	at scala.meta.internal.tokenizers.LegacyScanner.fetchDoubleQuote$1(LegacyScanner.scala:442)
	at scala.meta.internal.tokenizers.LegacyScanner.fetchToken(LegacyScanner.scala:446)
	at scala.meta.internal.tokenizers.LegacyScanner.nextToken(LegacyScanner.scala:251)
	at scala.meta.internal.tokenizers.LegacyScanner.foreach(LegacyScanner.scala:1106)
	at scala.meta.internal.tokenizers.ScalametaTokenizer.uncachedTokenize(ScalametaTokenizer.scala:157)
	at scala.meta.internal.tokenizers.ScalametaTokenizer.$anonfun$tokenize$1(ScalametaTokenizer.scala:17)
	at scala.collection.concurrent.TrieMap.getOrElseUpdate(TrieMap.scala:895)
	at scala.meta.internal.tokenizers.ScalametaTokenizer.tokenize(ScalametaTokenizer.scala:17)
	at scala.meta.internal.tokenizers.ScalametaTokenizer$$anon$2.apply(ScalametaTokenizer.scala:336)
	at scala.meta.tokenizers.Api$XtensionTokenizeDialectInput.tokenize(Api.scala:25)
	at scala.meta.tokenizers.Api$XtensionTokenizeInputLike.tokenize(Api.scala:14)
	at scala.meta.internal.parsers.ScalametaParser.scannerTokens$lzycompute(ScalametaParser.scala:241)
	at scala.meta.internal.parsers.ScalametaParser.scannerTokens(ScalametaParser.scala:241)
	at scala.meta.internal.parsers.ScalametaParser.<init>(ScalametaParser.scala:155)
	at scala.meta.internal.parsers.ScalametaParser$$anon$261.apply(ScalametaParser.scala:5155)
	at scala.meta.parsers.Api$XtensionParseDialectInput.parse(Api.scala:25)
	at scala.meta.internal.semanticdb.scalac.ParseOps$XtensionCompilationUnitSource.toSource(ParseOps.scala:17)
	at scala.meta.internal.semanticdb.scalac.TextDocumentOps$XtensionCompilationUnitDocument.toTextDocument(TextDocumentOps.scala:201)
	at scala.meta.internal.pc.SemanticdbTextDocumentProvider.textDocument(SemanticdbTextDocumentProvider.scala:51)

Jul 06, 2021 9:59:01 PM scala.meta.internal.pc.CompilerAccess handleError
SEVERE: file%3A%2F%2F%2FC%3A%2FUsers%2Famcab%2FDocuments%2FTrimestre%25207%2FTendencias%2FAnagramsGroup%2Fsrc%2Fmain%2Fscala%2FAnagrams.scala:8: error: invalid escape character
    var file = new File("C:\\Users\\amcab\Documents\\Trimestre 7\\Tendencias\\AnagramsGroup\\src\\main\\scala\\wordList.txt")
                                          ^
file%3A%2F%2F%2FC%3A%2FUsers%2Famcab%2FDocuments%2FTrimestre%25207%2FTendencias%2FAnagramsGroup%2Fsrc%2Fmain%2Fscala%2FAnagrams.scala:8: error: invalid escape character
    var file = new File("C:\\Users\\amcab\Documents\\Trimestre 7\\Tendencias\\AnagramsGroup\\src\\main\\scala\\wordList.txt")
                                          ^
	at scala.meta.internal.tokenizers.Reporter.syntaxError(Reporter.scala:23)
	at scala.meta.internal.tokenizers.Reporter.syntaxError$(Reporter.scala:23)
	at scala.meta.internal.tokenizers.Reporter$$anon$1.syntaxError(Reporter.scala:33)
	at scala.meta.internal.tokenizers.Reporter.syntaxError(Reporter.scala:25)
	at scala.meta.internal.tokenizers.Reporter.syntaxError$(Reporter.scala:25)
	at scala.meta.internal.tokenizers.Reporter$$anon$1.syntaxError(Reporter.scala:33)
	at scala.meta.internal.tokenizers.LegacyScanner.invalidEscape(LegacyScanner.scala:850)
	at scala.meta.internal.tokenizers.LegacyScanner.getLitChar(LegacyScanner.scala:838)
	at scala.meta.internal.tokenizers.LegacyScanner.getLitChars(LegacyScanner.scala:861)
	at scala.meta.internal.tokenizers.LegacyScanner.getStringLit(LegacyScanner.scala:647)
	at scala.meta.internal.tokenizers.LegacyScanner.fetchDoubleQuote$1(LegacyScanner.scala:442)
	at scala.meta.internal.tokenizers.LegacyScanner.fetchToken(LegacyScanner.scala:446)
	at scala.meta.internal.tokenizers.LegacyScanner.nextToken(LegacyScanner.scala:251)
	at scala.meta.internal.tokenizers.LegacyScanner.foreach(LegacyScanner.scala:1106)
	at scala.meta.internal.tokenizers.ScalametaTokenizer.uncachedTokenize(ScalametaTokenizer.scala:157)
	at scala.meta.internal.tokenizers.ScalametaTokenizer.$anonfun$tokenize$1(ScalametaTokenizer.scala:17)
	at scala.collection.concurrent.TrieMap.getOrElseUpdate(TrieMap.scala:895)
	at scala.meta.internal.tokenizers.ScalametaTokenizer.tokenize(ScalametaTokenizer.scala:17)
	at scala.meta.internal.tokenizers.ScalametaTokenizer$$anon$2.apply(ScalametaTokenizer.scala:336)
	at scala.meta.tokenizers.Api$XtensionTokenizeDialectInput.tokenize(Api.scala:25)
	at scala.meta.tokenizers.Api$XtensionTokenizeInputLike.tokenize(Api.scala:14)
	at scala.meta.internal.parsers.ScalametaParser.scannerTokens$lzycompute(ScalametaParser.scala:241)
	at scala.meta.internal.parsers.ScalametaParser.scannerTokens(ScalametaParser.scala:241)
	at scala.meta.internal.parsers.ScalametaParser.<init>(ScalametaParser.scala:155)
	at scala.meta.internal.parsers.ScalametaParser$$anon$261.apply(ScalametaParser.scala:5155)
	at scala.meta.parsers.Api$XtensionParseDialectInput.parse(Api.scala:25)
	at scala.meta.internal.semanticdb.scalac.ParseOps$XtensionCompilationUnitSource.toSource(ParseOps.scala:17)
	at scala.meta.internal.semanticdb.scalac.TextDocumentOps$XtensionCompilationUnitDocument.toTextDocument(TextDocumentOps.scala:201)
	at scala.meta.internal.pc.SemanticdbTextDocumentProvider.textDocument(SemanticdbTextDocumentProvider.scala:51)

[0m2021.07.06 21:59:02 WARN  no build target for: C:\Users\amcab\Documents\Trimestre 7\Tendencias\AnagramsGroup\src\main\scala\Anagrams.scala[0m
[0m2021.07.06 22:00:14 WARN  no build target for: C:\Users\amcab\Documents\Trimestre 7\Tendencias\AnagramsGroup\src\test\scala\AnagramsTest.scala[0m
[0m2021.07.06 22:00:39 WARN  no build target for: C:\Users\amcab\Documents\Trimestre 7\Tendencias\AnagramsGroup\src\test\scala\AnagramsTest.scala[0m
[0m2021.07.06 22:00:39 WARN  no build target for: C:\Users\amcab\Documents\Trimestre 7\Tendencias\AnagramsGroup\src\test\scala\AnagramsTest.scala[0m
Jul 06, 2021 10:00:53 PM org.eclipse.lsp4j.jsonrpc.RemoteEndpoint handleCancellation
WARNING: Unmatched cancel notification for request id 451
[0m2021.07.06 22:01:04 WARN  no build target for: C:\Users\amcab\Documents\Trimestre 7\Tendencias\AnagramsGroup\src\main\scala\Anagrams.scala[0m
Jul 06, 2021 10:02:30 PM org.eclipse.lsp4j.jsonrpc.RemoteEndpoint handleCancellation
WARNING: Unmatched cancel notification for request id 486
Exception in thread "pool-3-thread-2" java.lang.Error: java.lang.InterruptedException
	at java.util.concurrent.ThreadPoolExecutor.runWorker(ThreadPoolExecutor.java:1155)
	at java.util.concurrent.ThreadPoolExecutor$Worker.run(ThreadPoolExecutor.java:624)
	at java.lang.Thread.run(Thread.java:748)
Caused by: java.lang.InterruptedException
	at scala.meta.internal.metals.FutureCancelToken.checkCanceled(FutureCancelToken.scala:29)
	at scala.meta.internal.pc.CompilerAccess.$anonfun$onCompilerJobQueue$1(CompilerAccess.scala:195)
	at scala.meta.internal.pc.CompilerJobQueue$Job.run(CompilerJobQueue.scala:103)
	at java.util.concurrent.ThreadPoolExecutor.runWorker(ThreadPoolExecutor.java:1149)
	... 2 more
Exception in thread "pool-3-thread-3" java.lang.Error: java.lang.InterruptedException
	at java.util.concurrent.ThreadPoolExecutor.runWorker(ThreadPoolExecutor.java:1155)
	at java.util.concurrent.ThreadPoolExecutor$Worker.run(ThreadPoolExecutor.java:624)
	at java.lang.Thread.run(Thread.java:748)
Caused by: java.lang.InterruptedException
	at scala.meta.internal.metals.FutureCancelToken.checkCanceled(FutureCancelToken.scala:29)
	at scala.meta.internal.pc.CompilerAccess.$anonfun$onCompilerJobQueue$1(CompilerAccess.scala:195)
	at scala.meta.internal.pc.CompilerJobQueue$Job.run(CompilerJobQueue.scala:103)
	at java.util.concurrent.ThreadPoolExecutor.runWorker(ThreadPoolExecutor.java:1149)
	... 2 more
Exception in thread "pool-3-thread-4" java.lang.Error: java.lang.InterruptedException
	at java.util.concurrent.ThreadPoolExecutor.runWorker(ThreadPoolExecutor.java:1155)
	at java.util.concurrent.ThreadPoolExecutor$Worker.run(ThreadPoolExecutor.java:624)
	at java.lang.Thread.run(Thread.java:748)
Caused by: java.lang.InterruptedException
	at scala.meta.internal.metals.FutureCancelToken.checkCanceled(FutureCancelToken.scala:29)
	at scala.meta.internal.pc.CompilerAccess.$anonfun$onCompilerJobQueue$1(CompilerAccess.scala:195)
	at scala.meta.internal.pc.CompilerJobQueue$Job.run(CompilerJobQueue.scala:103)
	at java.util.concurrent.ThreadPoolExecutor.runWorker(ThreadPoolExecutor.java:1149)
	... 2 more
[0m2021.07.06 22:02:52 WARN  no build target for: C:\Users\amcab\Documents\Trimestre 7\Tendencias\AnagramsGroup\src\main\scala\Anagrams.scala[0m
